<?xml version="1.0" encoding="UTF-8"?>
<testsuite name="com.kodilla.stream.array.ArrayOperationsTestSuite" tests="1" skipped="0" failures="0" errors="0" timestamp="2018-08-12T12:21:29" hostname="DESKTOP-OBVS8UK" time="0.037">
  <properties/>
  <testcase name="testGetAverage" classname="com.kodilla.stream.array.ArrayOperationsTestSuite" time="0.037"/>
  <system-out><![CDATA[5
5
5
5
5
5
5
5
5
5
5
5
5
5
5
5
5
5
5
5
]]></system-out>
  <system-err><![CDATA[]]></system-err>
</testsuite>
