<?xml version="1.0" encoding="UTF-8"?>
<testsuite name="com.kodilla.testing.collection.CollectionTestSuite" tests="2" skipped="0" failures="0" errors="0" timestamp="2018-08-04T11:24:14" hostname="DESKTOP-OBVS8UK" time="0.011">
  <properties/>
  <testcase name="testOddNumbersExterminatorEmptyList" classname="com.kodilla.testing.collection.CollectionTestSuite" time="0.009"/>
  <testcase name="testOddNumbersExterminatorNormalList" classname="com.kodilla.testing.collection.CollectionTestSuite" time="0.001"/>
  <system-out><![CDATA[Test Case: begin
Testing []
Test Case: end
Test Case: begin
Testing [2, 4, 6, 8, 10, 12]
Test Case: end
]]></system-out>
  <system-err><![CDATA[]]></system-err>
</testsuite>
