<?xml version="1.0" encoding="UTF-8"?>
<testsuite name="com.kodilla.patterns.builder.pizza.PizzaTestSuite" tests="1" skipped="0" failures="0" errors="0" timestamp="2018-12-28T12:12:16" hostname="LAPTOP-JFHV7576" time="0.001">
  <properties/>
  <testcase name="testPizzaNew" classname="com.kodilla.patterns.builder.pizza.PizzaTestSuite" time="0.001"/>
  <system-out><![CDATA[Pizza{bottom='thin', sauce='spicy', ingredients=[onion, ham, mushrooms]}
thin
]]></system-out>
  <system-err><![CDATA[]]></system-err>
</testsuite>
