<?xml version="1.0" encoding="UTF-8"?>
<testsuite name="com.kodilla.patterns.prototype.library.LibraryTestSuite" tests="1" skipped="0" failures="0" errors="0" timestamp="2018-09-12T18:56:22" hostname="DESKTOP-OBVS8UK" time="0.017">
  <properties/>
  <testcase name="testGetBooks" classname="com.kodilla.patterns.prototype.library.LibraryTestSuite" time="0.017"/>
  <system-out><![CDATA[Library{Library no1} 
Book{title='title3', author='author3', publicationDate=2003-01-01}
Book{title='title1', author='author1', publicationDate=2001-01-01}

Library{Library no2} 
Book{title='title3', author='author3', publicationDate=2003-01-01}
Book{title='title1', author='author1', publicationDate=2001-01-01}

Library{Library no3} 
Book{title='title3', author='author3', publicationDate=2003-01-01}
Book{title='title2', author='author2', publicationDate=2002-01-01}
Book{title='title1', author='author1', publicationDate=2001-01-01}

]]></system-out>
  <system-err><![CDATA[]]></system-err>
</testsuite>
